<?xml version="1.0" encoding="UTF-8"?>
<!-- Generated by org.testng.reporters.JUnitReportReporter -->
<testsuite hostname="CGLDLPG033EW6" failures="0" tests="7" name="testcases.login.LoginTest" time="-1724167808.000" errors="1" timestamp="2024-08-20T20:59:50 IST" skipped="6">
  <testcase classname="testcases.login.LoginTest" name="swarnimLoginPage" time="0.000">
    <skipped/>
  </testcase> <!-- swarnimLoginPage -->
  <testcase classname="testcases.login.LoginTest" name="swarnimLoginPage" time="0.000">
    <skipped/>
  </testcase> <!-- swarnimLoginPage -->
  <testcase classname="testcases.login.LoginTest" name="swarnimLoginPage" time="0.000">
    <skipped/>
  </testcase> <!-- swarnimLoginPage -->
  <testcase classname="testcases.login.LoginTest" name="swarnimLoginPage" time="0.000">
    <skipped/>
  </testcase> <!-- swarnimLoginPage -->
  <testcase classname="testcases.login.LoginTest" name="calldriver" time="-1724167808.000">
    <error message="
Parameter &#039;browser&#039; is required by BeforeTest on method calldriver but has not been marked @Optional or defined
in /tmp/testng-eclipse-1959282496/testng-customsuite.xml" type="org.testng.TestNGException">
      <![CDATA[org.testng.TestNGException: 
Parameter 'browser' is required by BeforeTest on method calldriver but has not been marked @Optional or defined
in /tmp/testng-eclipse-1959282496/testng-customsuite.xml
at org.testng.internal.Parameters.createParams(Parameters.java:264)
at org.testng.internal.Parameters.createParametersForMethod(Parameters.java:352)
at org.testng.internal.Parameters.createParameters(Parameters.java:690)
at org.testng.internal.Parameters.createConfigurationParameters(Parameters.java:163)
at org.testng.internal.invokers.ConfigInvoker.invokeConfigurations(ConfigInvoker.java:313)
at org.testng.TestRunner.invokeTestConfigurations(TestRunner.java:655)
at org.testng.TestRunner.beforeRun(TestRunner.java:644)
at org.testng.TestRunner.run(TestRunner.java:610)
at org.testng.SuiteRunner.runTest(SuiteRunner.java:421)
at org.testng.SuiteRunner.runSequentially(SuiteRunner.java:413)
at org.testng.SuiteRunner.privateRun(SuiteRunner.java:373)
at org.testng.SuiteRunner.run(SuiteRunner.java:312)
at org.testng.SuiteRunnerWorker.runSuite(SuiteRunnerWorker.java:52)
at org.testng.SuiteRunnerWorker.run(SuiteRunnerWorker.java:95)
at org.testng.TestNG.runSuitesSequentially(TestNG.java:1274)
at org.testng.TestNG.runSuitesLocally(TestNG.java:1208)
at org.testng.TestNG.runSuites(TestNG.java:1112)
at org.testng.TestNG.run(TestNG.java:1079)
at org.testng.remote.AbstractRemoteTestNG.run(AbstractRemoteTestNG.java:115)
at org.testng.remote.RemoteTestNG.initAndRun(RemoteTestNG.java:293)
at org.testng.remote.RemoteTestNG.main(RemoteTestNG.java:91)
]]>
    </error>
  </testcase> <!-- calldriver -->
  <testcase classname="testcases.login.LoginTest" name="swarnimLoginPage" time="0.000">
    <skipped/>
  </testcase> <!-- swarnimLoginPage -->
  <testcase classname="testcases.login.LoginTest" name="swarnimLoginPage" time="0.000">
    <skipped/>
  </testcase> <!-- swarnimLoginPage -->
</testsuite> <!-- testcases.login.LoginTest -->
